0 info it worked if it ends with ok
1 verbose cli [ 'node', '/usr/local/bin/npm', 'install', 'http' ]
2 info using npm@1.2.24
3 info using node@v0.10.9
4 verbose read json /Users/jmitte/ExperimentalDev/bb-contest/package.json
5 warn package.json bb-contest@0.0.0 No repository field.
6 warn package.json bb-contest@0.0.0 No readme data.
7 verbose read json /Users/jmitte/ExperimentalDev/bb-contest/node_modules/bower/package.json
8 verbose read json /Users/jmitte/ExperimentalDev/bb-contest/node_modules/ejs/package.json
9 verbose read json /Users/jmitte/ExperimentalDev/bb-contest/node_modules/express/package.json
10 verbose read json /Users/jmitte/ExperimentalDev/bb-contest/node_modules/grunt/package.json
11 verbose read json /Users/jmitte/ExperimentalDev/bb-contest/node_modules/grunt-bower-requirejs/package.json
12 verbose read json /Users/jmitte/ExperimentalDev/bb-contest/node_modules/grunt-contrib-clean/package.json
13 verbose read json /Users/jmitte/ExperimentalDev/bb-contest/node_modules/grunt-contrib-coffee/package.json
14 verbose read json /Users/jmitte/ExperimentalDev/bb-contest/node_modules/grunt-contrib-compass/package.json
15 verbose read json /Users/jmitte/ExperimentalDev/bb-contest/node_modules/grunt-contrib-concat/package.json
16 verbose read json /Users/jmitte/ExperimentalDev/bb-contest/node_modules/grunt-contrib-connect/package.json
17 verbose read json /Users/jmitte/ExperimentalDev/bb-contest/node_modules/grunt-contrib-copy/package.json
18 verbose read json /Users/jmitte/ExperimentalDev/bb-contest/node_modules/grunt-contrib-cssmin/package.json
19 verbose read json /Users/jmitte/ExperimentalDev/bb-contest/node_modules/grunt-contrib-htmlmin/package.json
20 verbose read json /Users/jmitte/ExperimentalDev/bb-contest/node_modules/grunt-contrib-imagemin/package.json
21 verbose read json /Users/jmitte/ExperimentalDev/bb-contest/node_modules/grunt-contrib-jshint/package.json
22 verbose read json /Users/jmitte/ExperimentalDev/bb-contest/node_modules/grunt-contrib-livereload/package.json
23 verbose read json /Users/jmitte/ExperimentalDev/bb-contest/node_modules/grunt-contrib-uglify/package.json
24 verbose read json /Users/jmitte/ExperimentalDev/bb-contest/node_modules/grunt-google-cdn/package.json
25 verbose read json /Users/jmitte/ExperimentalDev/bb-contest/node_modules/grunt-karma/package.json
26 verbose read json /Users/jmitte/ExperimentalDev/bb-contest/node_modules/grunt-ngmin/package.json
27 verbose read json /Users/jmitte/ExperimentalDev/bb-contest/node_modules/grunt-open/package.json
28 verbose read json /Users/jmitte/ExperimentalDev/bb-contest/node_modules/grunt-regarde/package.json
29 verbose read json /Users/jmitte/ExperimentalDev/bb-contest/node_modules/grunt-rev/package.json
30 verbose read json /Users/jmitte/ExperimentalDev/bb-contest/node_modules/grunt-usemin/package.json
31 verbose read json /Users/jmitte/ExperimentalDev/bb-contest/node_modules/matchdep/package.json
32 verbose read json /Users/jmitte/ExperimentalDev/bb-contest/node_modules/socket.io/package.json
33 verbose from cache /Users/jmitte/ExperimentalDev/bb-contest/package.json
34 verbose readDependencies using package.json deps
35 verbose cache add [ 'http', null ]
36 verbose cache add name=undefined spec="http" args=["http",null]
37 verbose parsed url { protocol: null,
37 verbose parsed url   slashes: null,
37 verbose parsed url   auth: null,
37 verbose parsed url   host: null,
37 verbose parsed url   port: null,
37 verbose parsed url   hostname: null,
37 verbose parsed url   hash: null,
37 verbose parsed url   search: null,
37 verbose parsed url   query: null,
37 verbose parsed url   pathname: 'http',
37 verbose parsed url   path: 'http',
37 verbose parsed url   href: 'http' }
38 silly lockFile 77b5f8e3-http http
39 verbose lock http /Users/jmitte/.npm/77b5f8e3-http.lock
40 silly lockFile 77b5f8e3-http http
41 silly lockFile 77b5f8e3-http http
42 verbose addNamed [ 'http', '' ]
43 verbose addNamed [ null, '' ]
44 silly lockFile c1086ff9-http http@
45 verbose lock http@ /Users/jmitte/.npm/c1086ff9-http.lock
46 silly addNameRange { name: 'http', range: '', hasData: false }
47 verbose url raw http
48 verbose url resolving [ 'https://registry.npmjs.org/', './http' ]
49 verbose url resolved https://registry.npmjs.org/http
50 info trying registry request attempt 1 at 23:58:55
51 http GET https://registry.npmjs.org/http
52 http 404 https://registry.npmjs.org/http
53 silly registry.get cb [ 404,
53 silly registry.get   { server: 'CouchDB/1.3.0 (Erlang OTP/R15B03)',
53 silly registry.get     date: 'Sun, 30 Jun 2013 03:58:49 GMT',
53 silly registry.get     'content-type': 'application/json',
53 silly registry.get     'content-length': '52',
53 silly registry.get     'cache-control': 'must-revalidate' } ]
54 silly lockFile c1086ff9-http http@
55 silly lockFile c1086ff9-http http@
56 error 404 'http' is not in the npm registry.
56 error 404 You should bug the author to publish it
56 error 404
56 error 404 Note that you can also install from a
56 error 404 tarball, folder, or http url, or git url.
57 error System Darwin 12.3.0
58 error command "node" "/usr/local/bin/npm" "install" "http"
59 error cwd /Users/jmitte/ExperimentalDev/bb-contest
60 error node -v v0.10.9
61 error npm -v 1.2.24
62 error code E404
63 verbose exit [ 1, true ]
